HHC5010: Error: Cannot open "c:\Documents and Settings\abuettner.PROLOGIC\My Documents\dev\solitaire\help\solitaire.chm". Compilation stopped.
Microsoft HTML Help Compiler 4.74.8702

Compiling c:\Documents and Settings\abuettner.PROLOGIC\My Documents\dev\solitaire\help\solitaire.chm

HHC5003: Error: Compilation failed while compiling ..


The following files were not compiled:
.
Microsoft HTML Help Compiler 4.74.8702

Compiling c:\Documents and Settings\abuettner.PROLOGIC\My Documents\dev\solitaire\help\solitaire.chm

HHC5003: Error: Compilation failed while compiling ..


The following files were not compiled:
.
Microsoft HTML Help Compiler 4.74.8702

Compiling c:\Documents and Settings\abuettner.PROLOGIC\My Documents\dev\solitaire\help\solitaire.chm

HHC5003: Error: Compilation failed while compiling ..


The following files were not compiled:
.
Microsoft HTML Help Compiler 4.74.8702

Compiling c:\Documents and Settings\abuettner.PROLOGIC\My Documents\dev\solitaire\help\solitaire.chm

HHC5003: Error: Compilation failed while compiling ..


The following files were not compiled:
.
Microsoft HTML Help Compiler 4.74.8702

Compiling c:\Documents and Settings\abuettner.PROLOGIC\My Documents\dev\solitaire\help\solitaire.chm


Compile time: 0 minutes, 1 second
1	Topic
0	Local links
0	Internet links
0	Graphics


Created c:\Documents and Settings\abuettner.PROLOGIC\My Documents\dev\solitaire\help\solitaire.chm, 6,441 bytes
Compression increased file by 6,186 bytes.
Microsoft HTML Help Compiler 4.74.8702

Compiling c:\Documents and Settings\abuettner.PROLOGIC\My Documents\dev\solitaire\help\solitaire.chm


Compile time: 0 minutes, 1 second
1	Topic
2	Local links
0	Internet links
0	Graphics


Created c:\Documents and Settings\abuettner.PROLOGIC\My Documents\dev\solitaire\help\solitaire.chm, 6,715 bytes
Compression increased file by 5,415 bytes.
Microsoft HTML Help Compiler 4.74.8702

Compiling c:\Documents and Settings\abuettner.PROLOGIC\My Documents\dev\solitaire\help\solitaire.chm


Compile time: 0 minutes, 2 seconds
1	Topic
3	Local links
0	Internet links
0	Graphics


Created c:\Documents and Settings\abuettner.PROLOGIC\My Documents\dev\solitaire\help\solitaire.chm, 11,089 bytes
Compression increased file by 9,418 bytes.
Microsoft HTML Help Compiler 4.74.8702

Compiling c:\Documents and Settings\abuettner.PROLOGIC\My Documents\dev\solitaire\help\solitaire.chm


Compile time: 0 minutes, 2 seconds
11	Topics
47	Local links
0	Internet links
0	Graphics


Created c:\Documents and Settings\abuettner.PROLOGIC\My Documents\dev\solitaire\help\solitaire.chm, 35,415 bytes
Compression decreased file by 96,404 bytes.
HHC5010: Error: Cannot open "c:\Documents and Settings\abuettner.PROLOGIC\My Documents\dev\solitaire\help\solitaire.chm". Compilation stopped.
Microsoft HTML Help Compiler 4.74.8702

Compiling c:\Documents and Settings\abuettner.PROLOGIC\My Documents\dev\solitaire\help\solitaire.chm


Compile time: 0 minutes, 2 seconds
11	Topics
47	Local links
0	Internet links
0	Graphics


Created c:\Documents and Settings\abuettner.PROLOGIC\My Documents\dev\solitaire\help\solitaire.chm, 34,595 bytes
Compression decreased file by 90,248 bytes.
Microsoft HTML Help Compiler 4.74.8702

Compiling c:\Documents and Settings\abuettner.PROLOGIC\My Documents\dev\solitaire\help\solitaire.chm


Compile time: 0 minutes, 2 seconds
11	Topics
48	Local links
0	Internet links
0	Graphics


Created c:\Documents and Settings\abuettner.PROLOGIC\My Documents\dev\solitaire\help\solitaire.chm, 34,621 bytes
Compression decreased file by 90,381 bytes.
Microsoft HTML Help Compiler 4.74.8702

Compiling c:\Documents and Settings\abuettner.PROLOGIC\My Documents\dev\solitaire\help\solitaire.chm


Compile time: 0 minutes, 3 seconds
14	Topics
56	Local links
0	Internet links
0	Graphics


Created c:\Documents and Settings\abuettner.PROLOGIC\My Documents\dev\solitaire\help\solitaire.chm, 36,985 bytes
Compression decreased file by 93,796 bytes.
HHC5010: Error: Cannot open "c:\Documents and Settings\abuettner.PROLOGIC\My Documents\dev\solitaire\help\solitaire.chm". Compilation stopped.
